<?xml version="1.0" encoding="UTF-8"?>
<testsuite name="biblioteca.core.LibraryTest" tests="1" skipped="0" failures="0" errors="0" timestamp="2019-06-17T07:29:55" hostname="THKanisornS.local" time="0.01">
  <properties/>
  <testcase name="whenEnter1InConsoleShouldBeShowListOfBooks" classname="biblioteca.core.LibraryTest" time="0.01"/>
  <system-out><![CDATA[Welcome to Biblioteca. Your one-step-shop for great book titles in Bangalore!
Clean Code (2008) Robert C. Martin
The Refactoring (1999) Martin Fowler
]]></system-out>
  <system-err><![CDATA[]]></system-err>
</testsuite>
