<?xml version="1.0" encoding="UTF-8"?>
<testsuite name="biblioteca.core.LibraryTest" tests="4" skipped="0" failures="0" errors="0" timestamp="2019-06-17T07:34:52" hostname="THKanisornS.local" time="0.013">
  <properties/>
  <testcase name="whenCallRunMethodAndEnter1InConsoleShouldBeShowListOfBooks" classname="biblioteca.core.LibraryTest" time="0.011"/>
  <testcase name="whenCallSayWelcomeMethodShouldBePrintOutWelcomeMessage" classname="biblioteca.core.LibraryTest" time="0.0"/>
  <testcase name="whenCallShowAllBooksShouldBeShowListOfBooks" classname="biblioteca.core.LibraryTest" time="0.0"/>
  <testcase name="whenCallShowMenusShouldBePrintOutMenus" classname="biblioteca.core.LibraryTest" time="0.001"/>
  <system-out><![CDATA[Welcome to Biblioteca. Your one-step-shop for great book titles in Bangalore!
------------------- Menu -------------------> 1: List of booksPlease Select Number: Clean Code (2008) Robert C. Martin
The Refactoring (1999) Martin Fowler
Welcome to Biblioteca. Your one-step-shop for great book titles in Bangalore!
Clean Code (2008) Robert C. Martin
The Refactoring (1999) Martin Fowler
------------------- Menu -------------------> 1: List of booksPlease Select Number: ]]></system-out>
  <system-err><![CDATA[]]></system-err>
</testsuite>
