<?xml version="1.0" encoding="UTF-8"?>
<testsuite name="biblioteca.domain.LibraryTest" tests="1" skipped="0" failures="0" errors="0" timestamp="2019-06-18T03:26:05" hostname="THKanisornS.local" time="0.004">
  <properties/>
  <testcase name="shouldBeReturnListOfBookWhenCallGetBooksMethod" classname="biblioteca.domain.LibraryTest" time="0.004"/>
  <system-out><![CDATA[]]></system-out>
  <system-err><![CDATA[]]></system-err>
</testsuite>
