<?xml version="1.0" encoding="UTF-8"?>
<testsuite name="biblioteca.core.LibraryTest" tests="1" skipped="0" failures="0" errors="0" timestamp="2019-06-17T07:07:09" hostname="THKanisornS.local" time="0.008">
  <properties/>
  <testcase name="sayWelcome" classname="biblioteca.core.LibraryTest" time="0.008"/>
  <system-out><![CDATA[Welcome to Biblioteca. Your one-step-shop for great book titles in Bangalore!
]]></system-out>
  <system-err><![CDATA[]]></system-err>
</testsuite>
