<?xml version="1.0" encoding="UTF-8"?>
<testsuite name="biblioteca.presentation.ConsoleUITest" tests="5" skipped="0" failures="0" errors="0" timestamp="2019-06-18T04:00:34" hostname="THKanisornS.local" time="0.015">
  <properties/>
  <testcase name="shouldBePrintWelcomeMessageWhenCallWelcomeMessage" classname="biblioteca.presentation.ConsoleUITest" time="0.008"/>
  <testcase name="shouldBeRaiseInvalidOptionWhenSelectOptionString" classname="biblioteca.presentation.ConsoleUITest" time="0.001"/>
  <testcase name="shouldBeShowListOfBooksWhenSelectOption1" classname="biblioteca.presentation.ConsoleUITest" time="0.002"/>
  <testcase name="shouldBeShowListOfMenuWhenCallMenuOptions" classname="biblioteca.presentation.ConsoleUITest" time="0.001"/>
  <testcase name="shouldBeExitProgramWhenSelectOptionExit" classname="biblioteca.presentation.ConsoleUITest" time="0.002"/>
  <system-out><![CDATA[Welcome to Biblioteca.
Please select a valid option!
1. Clean Code (2008) Uncle Bob
2. The Refactoring (1999) Martin Fowler
------- Menus -------
[1] List of Books
[9] Exit Program
Welcome to Biblioteca.
------- Menus -------
[1] List of Books
[9] Exit Program
]]></system-out>
  <system-err><![CDATA[]]></system-err>
</testsuite>
