<?xml version="1.0" encoding="UTF-8"?>
<testsuite name="biblioteca.presentation.ConsoleUITest" tests="2" skipped="0" failures="0" errors="0" timestamp="2019-06-18T03:13:45" hostname="THKanisornS.local" time="0.016">
  <properties/>
  <testcase name="shouldBeShowListOfBooksAfterWelcomeMessage" classname="biblioteca.presentation.ConsoleUITest" time="0.015"/>
  <testcase name="shouldBePrintWelcomeMessageWhenStartProgram" classname="biblioteca.presentation.ConsoleUITest" time="0.001"/>
  <system-out><![CDATA[Welcome to Biblioteca.
1. Clean Code
2. Object Oriented Design
Welcome to Biblioteca.
1. Clean Code
2. Object Oriented Design
]]></system-out>
  <system-err><![CDATA[]]></system-err>
</testsuite>
