<?xml version="1.0" encoding="UTF-8"?>
<testsuite name="biblioteca.presentation.ConsoleUITest" tests="1" skipped="0" failures="0" errors="0" timestamp="2019-06-18T03:08:41" hostname="THKanisornS.local" time="0.008">
  <properties/>
  <testcase name="shouldBePrintWelcomeMessageWhenStartProgram" classname="biblioteca.presentation.ConsoleUITest" time="0.008"/>
  <system-out><![CDATA[Welcome to Biblioteca.
]]></system-out>
  <system-err><![CDATA[]]></system-err>
</testsuite>
